<?xml version="1.0" encoding="UTF-8"?>
<!-- Generated by org.testng.reporters.JUnitReportReporter -->
<testsuite hostname="ITEM-90272" failures="0" tests="1" name="Mavenfirdt.ExtentReport.extentReport" time="14.463" errors="0" timestamp="2021-03-19T18:18:43 IST" skipped="0">
  <testcase classname="Mavenfirdt.ExtentReport.extentReport" name="initial" time="14.463"/>
  <system-out/>
</testsuite> <!-- Mavenfirdt.ExtentReport.extentReport -->
