<?xml version="1.0" encoding="UTF-8"?>
<!-- Generated by org.testng.reporters.JUnitReportReporter -->
<testsuite hostname="ITEM-90272" failures="0" tests="1" name="NAutomation.Recorder" time="81.935" errors="0" timestamp="2021-05-16T12:38:00 IST" skipped="0">
  <testcase classname="NAutomation.Recorder" name="navigation" time="81.935"/>
  <system-out/>
</testsuite> <!-- NAutomation.Recorder -->
